2026-01-21 20:10:08 [ERROR]: uncaughtException: Cannot find module '../models/LabOrder'
Require stack:
- C:\Users\shrav\OneDrive\Desktop\HIS Quasar\HIS_Quasar\hospital-his-backend\services\adminDashboard.service.js
- C:\Users\shrav\OneDrive\Desktop\HIS Quasar\HIS_Quasar\hospital-his-backend\controllers\adminDashboard.controller.js
- C:\Users\shrav\OneDrive\Desktop\HIS Quasar\HIS_Quasar\hospital-his-backend\routes\adminDashboard.routes.js
- C:\Users\shrav\OneDrive\Desktop\HIS Quasar\HIS_Quasar\hospital-his-backend\server.js
Error: Cannot find module '../models/LabOrder'
Require stack:
- C:\Users\shrav\OneDrive\Desktop\HIS Quasar\HIS_Quasar\hospital-his-backend\services\adminDashboard.service.js
- C:\Users\shrav\OneDrive\Desktop\HIS Quasar\HIS_Quasar\hospital-his-backend\controllers\adminDashboard.controller.js
- C:\Users\shrav\OneDrive\Desktop\HIS Quasar\HIS_Quasar\hospital-his-backend\routes\adminDashboard.routes.js
- C:\Users\shrav\OneDrive\Desktop\HIS Quasar\HIS_Quasar\hospital-his-backend\server.js
    at Module._resolveFilename (node:internal/modules/cjs/loader:1420:15)
    at defaultResolveImpl (node:internal/modules/cjs/loader:1058:19)
    at resolveForCJSWithHooks (node:internal/modules/cjs/loader:1063:22)
    at Module._load (node:internal/modules/cjs/loader:1226:37)
    at TracingChannel.traceSync (node:diagnostics_channel:328:14)
    at wrapModuleLoad (node:internal/modules/cjs/loader:245:24)
    at Module.require (node:internal/modules/cjs/loader:1503:12)
    at require (node:internal/modules/helpers:152:16)
    at Object.<anonymous> (C:\Users\shrav\OneDrive\Desktop\HIS Quasar\HIS_Quasar\hospital-his-backend\services\adminDashboard.service.js:18:18)
    at Module._compile (node:internal/modules/cjs/loader:1760:14)
Error: Cannot find module '../models/LabOrder'
Require stack:
- C:\Users\shrav\OneDrive\Desktop\HIS Quasar\HIS_Quasar\hospital-his-backend\services\adminDashboard.service.js
- C:\Users\shrav\OneDrive\Desktop\HIS Quasar\HIS_Quasar\hospital-his-backend\controllers\adminDashboard.controller.js
- C:\Users\shrav\OneDrive\Desktop\HIS Quasar\HIS_Quasar\hospital-his-backend\routes\adminDashboard.routes.js
- C:\Users\shrav\OneDrive\Desktop\HIS Quasar\HIS_Quasar\hospital-his-backend\server.js
    at Module._resolveFilename (node:internal/modules/cjs/loader:1420:15)
    at defaultResolveImpl (node:internal/modules/cjs/loader:1058:19)
    at resolveForCJSWithHooks (node:internal/modules/cjs/loader:1063:22)
    at Module._load (node:internal/modules/cjs/loader:1226:37)
    at TracingChannel.traceSync (node:diagnostics_channel:328:14)
    at wrapModuleLoad (node:internal/modules/cjs/loader:245:24)
    at Module.require (node:internal/modules/cjs/loader:1503:12)
    at require (node:internal/modules/helpers:152:16)
    at Object.<anonymous> (C:\Users\shrav\OneDrive\Desktop\HIS Quasar\HIS_Quasar\hospital-his-backend\services\adminDashboard.service.js:18:18)
    at Module._compile (node:internal/modules/cjs/loader:1760:14)
2026-01-21 20:10:32 [ERROR]: uncaughtException: Cannot find module '../models/LabOrder'
Require stack:
- C:\Users\shrav\OneDrive\Desktop\HIS Quasar\HIS_Quasar\hospital-his-backend\services\adminDashboard.service.js
- C:\Users\shrav\OneDrive\Desktop\HIS Quasar\HIS_Quasar\hospital-his-backend\controllers\adminDashboard.controller.js
- C:\Users\shrav\OneDrive\Desktop\HIS Quasar\HIS_Quasar\hospital-his-backend\routes\adminDashboard.routes.js
- C:\Users\shrav\OneDrive\Desktop\HIS Quasar\HIS_Quasar\hospital-his-backend\server.js
Error: Cannot find module '../models/LabOrder'
Require stack:
- C:\Users\shrav\OneDrive\Desktop\HIS Quasar\HIS_Quasar\hospital-his-backend\services\adminDashboard.service.js
- C:\Users\shrav\OneDrive\Desktop\HIS Quasar\HIS_Quasar\hospital-his-backend\controllers\adminDashboard.controller.js
- C:\Users\shrav\OneDrive\Desktop\HIS Quasar\HIS_Quasar\hospital-his-backend\routes\adminDashboard.routes.js
- C:\Users\shrav\OneDrive\Desktop\HIS Quasar\HIS_Quasar\hospital-his-backend\server.js
    at Module._resolveFilename (node:internal/modules/cjs/loader:1420:15)
    at defaultResolveImpl (node:internal/modules/cjs/loader:1058:19)
    at resolveForCJSWithHooks (node:internal/modules/cjs/loader:1063:22)
    at Module._load (node:internal/modules/cjs/loader:1226:37)
    at TracingChannel.traceSync (node:diagnostics_channel:328:14)
    at wrapModuleLoad (node:internal/modules/cjs/loader:245:24)
    at Module.require (node:internal/modules/cjs/loader:1503:12)
    at require (node:internal/modules/helpers:152:16)
    at Object.<anonymous> (C:\Users\shrav\OneDrive\Desktop\HIS Quasar\HIS_Quasar\hospital-his-backend\services\adminDashboard.service.js:18:18)
    at Module._compile (node:internal/modules/cjs/loader:1760:14)
Error: Cannot find module '../models/LabOrder'
Require stack:
- C:\Users\shrav\OneDrive\Desktop\HIS Quasar\HIS_Quasar\hospital-his-backend\services\adminDashboard.service.js
- C:\Users\shrav\OneDrive\Desktop\HIS Quasar\HIS_Quasar\hospital-his-backend\controllers\adminDashboard.controller.js
- C:\Users\shrav\OneDrive\Desktop\HIS Quasar\HIS_Quasar\hospital-his-backend\routes\adminDashboard.routes.js
- C:\Users\shrav\OneDrive\Desktop\HIS Quasar\HIS_Quasar\hospital-his-backend\server.js
    at Module._resolveFilename (node:internal/modules/cjs/loader:1420:15)
    at defaultResolveImpl (node:internal/modules/cjs/loader:1058:19)
    at resolveForCJSWithHooks (node:internal/modules/cjs/loader:1063:22)
    at Module._load (node:internal/modules/cjs/loader:1226:37)
    at TracingChannel.traceSync (node:diagnostics_channel:328:14)
    at wrapModuleLoad (node:internal/modules/cjs/loader:245:24)
    at Module.require (node:internal/modules/cjs/loader:1503:12)
    at require (node:internal/modules/helpers:152:16)
    at Object.<anonymous> (C:\Users\shrav\OneDrive\Desktop\HIS Quasar\HIS_Quasar\hospital-his-backend\services\adminDashboard.service.js:18:18)
    at Module._compile (node:internal/modules/cjs/loader:1760:14)
2026-01-21 20:11:29 [ERROR]: uncaughtException: Cannot find module '../models/LabOrder'
Require stack:
- C:\Users\shrav\OneDrive\Desktop\HIS Quasar\HIS_Quasar\hospital-his-backend\services\adminDashboard.service.js
- C:\Users\shrav\OneDrive\Desktop\HIS Quasar\HIS_Quasar\hospital-his-backend\controllers\adminDashboard.controller.js
- C:\Users\shrav\OneDrive\Desktop\HIS Quasar\HIS_Quasar\hospital-his-backend\routes\adminDashboard.routes.js
- C:\Users\shrav\OneDrive\Desktop\HIS Quasar\HIS_Quasar\hospital-his-backend\server.js
Error: Cannot find module '../models/LabOrder'
Require stack:
- C:\Users\shrav\OneDrive\Desktop\HIS Quasar\HIS_Quasar\hospital-his-backend\services\adminDashboard.service.js
- C:\Users\shrav\OneDrive\Desktop\HIS Quasar\HIS_Quasar\hospital-his-backend\controllers\adminDashboard.controller.js
- C:\Users\shrav\OneDrive\Desktop\HIS Quasar\HIS_Quasar\hospital-his-backend\routes\adminDashboard.routes.js
- C:\Users\shrav\OneDrive\Desktop\HIS Quasar\HIS_Quasar\hospital-his-backend\server.js
    at Module._resolveFilename (node:internal/modules/cjs/loader:1420:15)
    at defaultResolveImpl (node:internal/modules/cjs/loader:1058:19)
    at resolveForCJSWithHooks (node:internal/modules/cjs/loader:1063:22)
    at Module._load (node:internal/modules/cjs/loader:1226:37)
    at TracingChannel.traceSync (node:diagnostics_channel:328:14)
    at wrapModuleLoad (node:internal/modules/cjs/loader:245:24)
    at Module.require (node:internal/modules/cjs/loader:1503:12)
    at require (node:internal/modules/helpers:152:16)
    at Object.<anonymous> (C:\Users\shrav\OneDrive\Desktop\HIS Quasar\HIS_Quasar\hospital-his-backend\services\adminDashboard.service.js:18:18)
    at Module._compile (node:internal/modules/cjs/loader:1760:14)
Error: Cannot find module '../models/LabOrder'
Require stack:
- C:\Users\shrav\OneDrive\Desktop\HIS Quasar\HIS_Quasar\hospital-his-backend\services\adminDashboard.service.js
- C:\Users\shrav\OneDrive\Desktop\HIS Quasar\HIS_Quasar\hospital-his-backend\controllers\adminDashboard.controller.js
- C:\Users\shrav\OneDrive\Desktop\HIS Quasar\HIS_Quasar\hospital-his-backend\routes\adminDashboard.routes.js
- C:\Users\shrav\OneDrive\Desktop\HIS Quasar\HIS_Quasar\hospital-his-backend\server.js
    at Module._resolveFilename (node:internal/modules/cjs/loader:1420:15)
    at defaultResolveImpl (node:internal/modules/cjs/loader:1058:19)
    at resolveForCJSWithHooks (node:internal/modules/cjs/loader:1063:22)
    at Module._load (node:internal/modules/cjs/loader:1226:37)
    at TracingChannel.traceSync (node:diagnostics_channel:328:14)
    at wrapModuleLoad (node:internal/modules/cjs/loader:245:24)
    at Module.require (node:internal/modules/cjs/loader:1503:12)
    at require (node:internal/modules/helpers:152:16)
    at Object.<anonymous> (C:\Users\shrav\OneDrive\Desktop\HIS Quasar\HIS_Quasar\hospital-his-backend\services\adminDashboard.service.js:18:18)
    at Module._compile (node:internal/modules/cjs/loader:1760:14)
2026-01-21 20:11:55 [ERROR]: uncaughtException: Cannot find module '../models/LabOrder'
Require stack:
- C:\Users\shrav\OneDrive\Desktop\HIS Quasar\HIS_Quasar\hospital-his-backend\services\adminDashboard.service.js
- C:\Users\shrav\OneDrive\Desktop\HIS Quasar\HIS_Quasar\hospital-his-backend\controllers\adminDashboard.controller.js
- C:\Users\shrav\OneDrive\Desktop\HIS Quasar\HIS_Quasar\hospital-his-backend\routes\adminDashboard.routes.js
- C:\Users\shrav\OneDrive\Desktop\HIS Quasar\HIS_Quasar\hospital-his-backend\server.js
Error: Cannot find module '../models/LabOrder'
Require stack:
- C:\Users\shrav\OneDrive\Desktop\HIS Quasar\HIS_Quasar\hospital-his-backend\services\adminDashboard.service.js
- C:\Users\shrav\OneDrive\Desktop\HIS Quasar\HIS_Quasar\hospital-his-backend\controllers\adminDashboard.controller.js
- C:\Users\shrav\OneDrive\Desktop\HIS Quasar\HIS_Quasar\hospital-his-backend\routes\adminDashboard.routes.js
- C:\Users\shrav\OneDrive\Desktop\HIS Quasar\HIS_Quasar\hospital-his-backend\server.js
    at Function._resolveFilename (node:internal/modules/cjs/loader:1225:15)
    at Function._load (node:internal/modules/cjs/loader:1055:27)
    at TracingChannel.traceSync (node:diagnostics_channel:322:14)
    at wrapModuleLoad (node:internal/modules/cjs/loader:220:24)
    at Module.require (node:internal/modules/cjs/loader:1311:12)
    at require (node:internal/modules/helpers:136:16)
    at Object.<anonymous> (C:\Users\shrav\OneDrive\Desktop\HIS Quasar\HIS_Quasar\hospital-his-backend\services\adminDashboard.service.js:18:18)
    at Module._compile (node:internal/modules/cjs/loader:1554:14)
    at Object..js (node:internal/modules/cjs/loader:1706:10)
    at Module.load (node:internal/modules/cjs/loader:1289:32)
Error: Cannot find module '../models/LabOrder'
Require stack:
- C:\Users\shrav\OneDrive\Desktop\HIS Quasar\HIS_Quasar\hospital-his-backend\services\adminDashboard.service.js
- C:\Users\shrav\OneDrive\Desktop\HIS Quasar\HIS_Quasar\hospital-his-backend\controllers\adminDashboard.controller.js
- C:\Users\shrav\OneDrive\Desktop\HIS Quasar\HIS_Quasar\hospital-his-backend\routes\adminDashboard.routes.js
- C:\Users\shrav\OneDrive\Desktop\HIS Quasar\HIS_Quasar\hospital-his-backend\server.js
    at Function._resolveFilename (node:internal/modules/cjs/loader:1225:15)
    at Function._load (node:internal/modules/cjs/loader:1055:27)
    at TracingChannel.traceSync (node:diagnostics_channel:322:14)
    at wrapModuleLoad (node:internal/modules/cjs/loader:220:24)
    at Module.require (node:internal/modules/cjs/loader:1311:12)
    at require (node:internal/modules/helpers:136:16)
    at Object.<anonymous> (C:\Users\shrav\OneDrive\Desktop\HIS Quasar\HIS_Quasar\hospital-his-backend\services\adminDashboard.service.js:18:18)
    at Module._compile (node:internal/modules/cjs/loader:1554:14)
    at Object..js (node:internal/modules/cjs/loader:1706:10)
    at Module.load (node:internal/modules/cjs/loader:1289:32)
2026-01-21 20:12:27 [ERROR]: uncaughtException: Cannot find module '../models/LabOrder'
Require stack:
- C:\Users\shrav\OneDrive\Desktop\HIS Quasar\HIS_Quasar\hospital-his-backend\services\adminDashboard.service.js
- C:\Users\shrav\OneDrive\Desktop\HIS Quasar\HIS_Quasar\hospital-his-backend\controllers\adminDashboard.controller.js
- C:\Users\shrav\OneDrive\Desktop\HIS Quasar\HIS_Quasar\hospital-his-backend\routes\adminDashboard.routes.js
- C:\Users\shrav\OneDrive\Desktop\HIS Quasar\HIS_Quasar\hospital-his-backend\server.js
Error: Cannot find module '../models/LabOrder'
Require stack:
- C:\Users\shrav\OneDrive\Desktop\HIS Quasar\HIS_Quasar\hospital-his-backend\services\adminDashboard.service.js
- C:\Users\shrav\OneDrive\Desktop\HIS Quasar\HIS_Quasar\hospital-his-backend\controllers\adminDashboard.controller.js
- C:\Users\shrav\OneDrive\Desktop\HIS Quasar\HIS_Quasar\hospital-his-backend\routes\adminDashboard.routes.js
- C:\Users\shrav\OneDrive\Desktop\HIS Quasar\HIS_Quasar\hospital-his-backend\server.js
    at Function._resolveFilename (node:internal/modules/cjs/loader:1225:15)
    at Function._load (node:internal/modules/cjs/loader:1055:27)
    at TracingChannel.traceSync (node:diagnostics_channel:322:14)
    at wrapModuleLoad (node:internal/modules/cjs/loader:220:24)
    at Module.require (node:internal/modules/cjs/loader:1311:12)
    at require (node:internal/modules/helpers:136:16)
    at Object.<anonymous> (C:\Users\shrav\OneDrive\Desktop\HIS Quasar\HIS_Quasar\hospital-his-backend\services\adminDashboard.service.js:18:18)
    at Module._compile (node:internal/modules/cjs/loader:1554:14)
    at Object..js (node:internal/modules/cjs/loader:1706:10)
    at Module.load (node:internal/modules/cjs/loader:1289:32)
Error: Cannot find module '../models/LabOrder'
Require stack:
- C:\Users\shrav\OneDrive\Desktop\HIS Quasar\HIS_Quasar\hospital-his-backend\services\adminDashboard.service.js
- C:\Users\shrav\OneDrive\Desktop\HIS Quasar\HIS_Quasar\hospital-his-backend\controllers\adminDashboard.controller.js
- C:\Users\shrav\OneDrive\Desktop\HIS Quasar\HIS_Quasar\hospital-his-backend\routes\adminDashboard.routes.js
- C:\Users\shrav\OneDrive\Desktop\HIS Quasar\HIS_Quasar\hospital-his-backend\server.js
    at Function._resolveFilename (node:internal/modules/cjs/loader:1225:15)
    at Function._load (node:internal/modules/cjs/loader:1055:27)
    at TracingChannel.traceSync (node:diagnostics_channel:322:14)
    at wrapModuleLoad (node:internal/modules/cjs/loader:220:24)
    at Module.require (node:internal/modules/cjs/loader:1311:12)
    at require (node:internal/modules/helpers:136:16)
    at Object.<anonymous> (C:\Users\shrav\OneDrive\Desktop\HIS Quasar\HIS_Quasar\hospital-his-backend\services\adminDashboard.service.js:18:18)
    at Module._compile (node:internal/modules/cjs/loader:1554:14)
    at Object..js (node:internal/modules/cjs/loader:1706:10)
    at Module.load (node:internal/modules/cjs/loader:1289:32)
2026-01-22 17:46:29 [ERROR]: uncaughtException: asyncHandler is not defined
ReferenceError: asyncHandler is not defined
    at Object.<anonymous> (D:\HIS Quasar 4 - Copy\HIS_Quasar\hospital-his-backend\controllers\emergency.controller.js:7:1)
    at Module._compile (node:internal/modules/cjs/loader:1554:14)
    at Object..js (node:internal/modules/cjs/loader:1706:10)
    at Module.load (node:internal/modules/cjs/loader:1289:32)
    at Function._load (node:internal/modules/cjs/loader:1108:12)
    at TracingChannel.traceSync (node:diagnostics_channel:322:14)
    at wrapModuleLoad (node:internal/modules/cjs/loader:220:24)
    at Module.require (node:internal/modules/cjs/loader:1311:12)
    at require (node:internal/modules/helpers:136:16)
    at Object.<anonymous> (D:\HIS Quasar 4 - Copy\HIS_Quasar\hospital-his-backend\routes\emergency.routes.js:3:29)
ReferenceError: asyncHandler is not defined
    at Object.<anonymous> (D:\HIS Quasar 4 - Copy\HIS_Quasar\hospital-his-backend\controllers\emergency.controller.js:7:1)
    at Module._compile (node:internal/modules/cjs/loader:1554:14)
    at Object..js (node:internal/modules/cjs/loader:1706:10)
    at Module.load (node:internal/modules/cjs/loader:1289:32)
    at Function._load (node:internal/modules/cjs/loader:1108:12)
    at TracingChannel.traceSync (node:diagnostics_channel:322:14)
    at wrapModuleLoad (node:internal/modules/cjs/loader:220:24)
    at Module.require (node:internal/modules/cjs/loader:1311:12)
    at require (node:internal/modules/helpers:136:16)
    at Object.<anonymous> (D:\HIS Quasar 4 - Copy\HIS_Quasar\hospital-his-backend\routes\emergency.routes.js:3:29)
2026-01-22 18:38:06 [ERROR]: uncaughtException: Route.post() requires a callback function but got a [object Undefined]
Error: Route.post() requires a callback function but got a [object Undefined]
    at Route.<computed> [as post] (D:\HIS Quasar 4 - Copy\HIS_Quasar\hospital-his-backend\node_modules\express\lib\router\route.js:216:15)
    at proto.<computed> [as post] (D:\HIS Quasar 4 - Copy\HIS_Quasar\hospital-his-backend\node_modules\express\lib\router\index.js:521:19)
    at Object.<anonymous> (D:\HIS Quasar 4 - Copy\HIS_Quasar\hospital-his-backend\routes\emergency.routes.js:67:8)
    at Module._compile (node:internal/modules/cjs/loader:1554:14)
    at Object..js (node:internal/modules/cjs/loader:1706:10)
    at Module.load (node:internal/modules/cjs/loader:1289:32)
    at Function._load (node:internal/modules/cjs/loader:1108:12)
    at TracingChannel.traceSync (node:diagnostics_channel:322:14)
    at wrapModuleLoad (node:internal/modules/cjs/loader:220:24)
    at Module.require (node:internal/modules/cjs/loader:1311:12)
Error: Route.post() requires a callback function but got a [object Undefined]
    at Route.<computed> [as post] (D:\HIS Quasar 4 - Copy\HIS_Quasar\hospital-his-backend\node_modules\express\lib\router\route.js:216:15)
    at proto.<computed> [as post] (D:\HIS Quasar 4 - Copy\HIS_Quasar\hospital-his-backend\node_modules\express\lib\router\index.js:521:19)
    at Object.<anonymous> (D:\HIS Quasar 4 - Copy\HIS_Quasar\hospital-his-backend\routes\emergency.routes.js:67:8)
    at Module._compile (node:internal/modules/cjs/loader:1554:14)
    at Object..js (node:internal/modules/cjs/loader:1706:10)
    at Module.load (node:internal/modules/cjs/loader:1289:32)
    at Function._load (node:internal/modules/cjs/loader:1108:12)
    at TracingChannel.traceSync (node:diagnostics_channel:322:14)
    at wrapModuleLoad (node:internal/modules/cjs/loader:220:24)
    at Module.require (node:internal/modules/cjs/loader:1311:12)
