2026-01-22 02:04:09 [ERROR]: unhandledRejection: The `uri` parameter to `openUri()` must be a string, got "undefined". Make sure the first parameter to `mongoose.connect()` or `mongoose.createConnection()` is a string.
MongooseError: The `uri` parameter to `openUri()` must be a string, got "undefined". Make sure the first parameter to `mongoose.connect()` or `mongoose.createConnection()` is a string.
    at NativeConnection.createClient (C:\Users\shrav\OneDrive\Desktop\HIS Quasar\HIS_Quasar\hospital-his-backend\node_modules\mongoose\lib\drivers\node-mongodb-native\connection.js:206:11)
    at NativeConnection.openUri (C:\Users\shrav\OneDrive\Desktop\HIS Quasar\HIS_Quasar\hospital-his-backend\node_modules\mongoose\lib\connection.js:766:34)
    at Mongoose.connect (C:\Users\shrav\OneDrive\Desktop\HIS Quasar\HIS_Quasar\hospital-his-backend\node_modules\mongoose\lib\index.js:416:15)
    at addRadiologist (C:\Users\shrav\OneDrive\Desktop\HIS Quasar\HIS_Quasar\hospital-his-backend\scripts\add_radiologist.js:14:20)
    at Object.<anonymous> (C:\Users\shrav\OneDrive\Desktop\HIS Quasar\HIS_Quasar\hospital-his-backend\scripts\add_radiologist.js:72:1)
    at Module._compile (node:internal/modules/cjs/loader:1554:14)
    at Object..js (node:internal/modules/cjs/loader:1706:10)
    at Module.load (node:internal/modules/cjs/loader:1289:32)
    at Function._load (node:internal/modules/cjs/loader:1108:12)
    at TracingChannel.traceSync (node:diagnostics_channel:322:14)
MongooseError: The `uri` parameter to `openUri()` must be a string, got "undefined". Make sure the first parameter to `mongoose.connect()` or `mongoose.createConnection()` is a string.
    at NativeConnection.createClient (C:\Users\shrav\OneDrive\Desktop\HIS Quasar\HIS_Quasar\hospital-his-backend\node_modules\mongoose\lib\drivers\node-mongodb-native\connection.js:206:11)
    at NativeConnection.openUri (C:\Users\shrav\OneDrive\Desktop\HIS Quasar\HIS_Quasar\hospital-his-backend\node_modules\mongoose\lib\connection.js:766:34)
    at Mongoose.connect (C:\Users\shrav\OneDrive\Desktop\HIS Quasar\HIS_Quasar\hospital-his-backend\node_modules\mongoose\lib\index.js:416:15)
    at addRadiologist (C:\Users\shrav\OneDrive\Desktop\HIS Quasar\HIS_Quasar\hospital-his-backend\scripts\add_radiologist.js:14:20)
    at Object.<anonymous> (C:\Users\shrav\OneDrive\Desktop\HIS Quasar\HIS_Quasar\hospital-his-backend\scripts\add_radiologist.js:72:1)
    at Module._compile (node:internal/modules/cjs/loader:1554:14)
    at Object..js (node:internal/modules/cjs/loader:1706:10)
    at Module.load (node:internal/modules/cjs/loader:1289:32)
    at Function._load (node:internal/modules/cjs/loader:1108:12)
    at TracingChannel.traceSync (node:diagnostics_channel:322:14)
